<?xml version="1.0" encoding="UTF-8"?>
<!-- Generated by org.testng.reporters.JUnitReportReporter -->
<testsuite name="com.tecnosoft.training.first.maven.testNG.TestIncorrectLogIn" tests="1" time="7.623" ignored="0" failures="0" timestamp="16 Jan 2018 23:36:11 GMT" skipped="0" hostname="Vitalis-MBP.fios-router.home" errors="0">
  <testcase name="incorrectLogIn" time="7.623" classname="com.tecnosoft.training.first.maven.testNG.TestIncorrectLogIn"/>
</testsuite> <!-- com.tecnosoft.training.first.maven.testNG.TestIncorrectLogIn -->
